{"/home/alexp/itmo/chank1e.github.io/server/server.js": {"path":"/home/alexp/itmo/chank1e.github.io/server/server.js","statementMap":{"0":{"start":{"line":1,"column":13},"end":{"line":1,"column":17}},"1":{"start":{"line":2,"column":15},"end":{"line":2,"column":49}},"2":{"start":{"line":4,"column":16},"end":{"line":4,"column":34}},"3":{"start":{"line":5,"column":17},"end":{"line":5,"column":36}},"4":{"start":{"line":6,"column":14},"end":{"line":6,"column":30}},"5":{"start":{"line":7,"column":19},"end":{"line":7,"column":41}},"6":{"start":{"line":8,"column":13},"end":{"line":8,"column":28}},"7":{"start":{"line":9,"column":15},"end":{"line":9,"column":32}},"8":{"start":{"line":11,"column":12},"end":{"line":11,"column":21}},"9":{"start":{"line":13,"column":22},"end":{"line":13,"column":38}},"10":{"start":{"line":14,"column":24},"end":{"line":14,"column":40}},"11":{"start":{"line":15,"column":0},"end":{"line":15,"column":105}},"12":{"start":{"line":17,"column":17},"end":{"line":17,"column":68}},"13":{"start":{"line":19,"column":24},"end":{"line":19,"column":74}},"14":{"start":{"line":19,"column":39},"end":{"line":19,"column":74}},"15":{"start":{"line":23,"column":4},"end":{"line":23,"column":61}},"16":{"start":{"line":27,"column":4},"end":{"line":27,"column":96}},"17":{"start":{"line":31,"column":4},"end":{"line":31,"column":96}},"18":{"start":{"line":35,"column":4},"end":{"line":35,"column":105}},"19":{"start":{"line":39,"column":4},"end":{"line":39,"column":140}},"20":{"start":{"line":43,"column":13},"end":{"line":43,"column":22}},"21":{"start":{"line":45,"column":0},"end":{"line":45,"column":16}},"22":{"start":{"line":46,"column":0},"end":{"line":46,"column":27}},"23":{"start":{"line":47,"column":0},"end":{"line":47,"column":24}},"24":{"start":{"line":49,"column":0},"end":{"line":51,"column":2}},"25":{"start":{"line":50,"column":2},"end":{"line":50,"column":18}},"26":{"start":{"line":53,"column":0},"end":{"line":71,"column":2}},"27":{"start":{"line":54,"column":18},"end":{"line":54,"column":21}},"28":{"start":{"line":55,"column":18},"end":{"line":55,"column":23}},"29":{"start":{"line":56,"column":2},"end":{"line":68,"column":3}},"30":{"start":{"line":57,"column":4},"end":{"line":63,"column":5}},"31":{"start":{"line":58,"column":21},"end":{"line":58,"column":50}},"32":{"start":{"line":59,"column":6},"end":{"line":59,"column":28}},"33":{"start":{"line":61,"column":21},"end":{"line":61,"column":47}},"34":{"start":{"line":62,"column":6},"end":{"line":62,"column":28}},"35":{"start":{"line":65,"column":4},"end":{"line":67,"column":7}},"36":{"start":{"line":73,"column":0},"end":{"line":87,"column":2}},"37":{"start":{"line":74,"column":18},"end":{"line":74,"column":21}},"38":{"start":{"line":75,"column":21},"end":{"line":75,"column":26}},"39":{"start":{"line":76,"column":2},"end":{"line":86,"column":3}},"40":{"start":{"line":77,"column":19},"end":{"line":80,"column":6}},"41":{"start":{"line":81,"column":4},"end":{"line":81,"column":26}},"42":{"start":{"line":83,"column":4},"end":{"line":85,"column":7}},"43":{"start":{"line":90,"column":0},"end":{"line":101,"column":2}},"44":{"start":{"line":91,"column":16},"end":{"line":91,"column":39}},"45":{"start":{"line":92,"column":2},"end":{"line":92,"column":45}},"46":{"start":{"line":92,"column":26},"end":{"line":92,"column":45}},"47":{"start":{"line":93,"column":2},"end":{"line":100,"column":3}},"48":{"start":{"line":94,"column":19},"end":{"line":94,"column":89}},"49":{"start":{"line":94,"column":74},"end":{"line":94,"column":87}},"50":{"start":{"line":95,"column":4},"end":{"line":95,"column":26}},"51":{"start":{"line":97,"column":4},"end":{"line":99,"column":7}},"52":{"start":{"line":103,"column":0},"end":{"line":119,"column":2}},"53":{"start":{"line":104,"column":17},"end":{"line":104,"column":20}},"54":{"start":{"line":105,"column":15},"end":{"line":105,"column":19}},"55":{"start":{"line":106,"column":19},"end":{"line":108,"column":4}},"56":{"start":{"line":109,"column":2},"end":{"line":118,"column":3}},"57":{"start":{"line":110,"column":4},"end":{"line":110,"column":26}},"58":{"start":{"line":111,"column":4},"end":{"line":113,"column":6}},"59":{"start":{"line":115,"column":4},"end":{"line":117,"column":7}},"60":{"start":{"line":121,"column":0},"end":{"line":136,"column":2}},"61":{"start":{"line":122,"column":17},"end":{"line":122,"column":20}},"62":{"start":{"line":123,"column":15},"end":{"line":123,"column":19}},"63":{"start":{"line":124,"column":2},"end":{"line":135,"column":3}},"64":{"start":{"line":125,"column":4},"end":{"line":127,"column":7}},"65":{"start":{"line":128,"column":4},"end":{"line":130,"column":6}},"66":{"start":{"line":132,"column":4},"end":{"line":134,"column":7}},"67":{"start":{"line":139,"column":0},"end":{"line":139,"column":34}},"68":{"start":{"line":140,"column":0},"end":{"line":140,"column":38}},"69":{"start":{"line":142,"column":0},"end":{"line":145,"column":4}},"70":{"start":{"line":143,"column":2},"end":{"line":145,"column":4}},"71":{"start":{"line":144,"column":4},"end":{"line":144,"column":39}},"72":{"start":{"line":147,"column":0},"end":{"line":150,"column":1}}},"fnMap":{"0":{"name":"(anonymous_0)","decl":{"start":{"line":19,"column":24},"end":{"line":19,"column":25}},"loc":{"start":{"line":19,"column":39},"end":{"line":19,"column":74}},"line":19},"1":{"name":"(anonymous_1)","decl":{"start":{"line":22,"column":2},"end":{"line":22,"column":3}},"loc":{"start":{"line":22,"column":16},"end":{"line":24,"column":3}},"line":22},"2":{"name":"(anonymous_2)","decl":{"start":{"line":26,"column":2},"end":{"line":26,"column":3}},"loc":{"start":{"line":26,"column":23},"end":{"line":28,"column":3}},"line":26},"3":{"name":"(anonymous_3)","decl":{"start":{"line":30,"column":2},"end":{"line":30,"column":3}},"loc":{"start":{"line":30,"column":18},"end":{"line":32,"column":3}},"line":30},"4":{"name":"(anonymous_4)","decl":{"start":{"line":34,"column":2},"end":{"line":34,"column":3}},"loc":{"start":{"line":34,"column":20},"end":{"line":36,"column":3}},"line":34},"5":{"name":"(anonymous_5)","decl":{"start":{"line":38,"column":2},"end":{"line":38,"column":3}},"loc":{"start":{"line":38,"column":41},"end":{"line":40,"column":3}},"line":38},"6":{"name":"(anonymous_6)","decl":{"start":{"line":49,"column":17},"end":{"line":49,"column":18}},"loc":{"start":{"line":49,"column":31},"end":{"line":51,"column":1}},"line":49},"7":{"name":"(anonymous_7)","decl":{"start":{"line":53,"column":27},"end":{"line":53,"column":28}},"loc":{"start":{"line":53,"column":47},"end":{"line":71,"column":1}},"line":53},"8":{"name":"(anonymous_8)","decl":{"start":{"line":73,"column":34},"end":{"line":73,"column":35}},"loc":{"start":{"line":73,"column":54},"end":{"line":87,"column":1}},"line":73},"9":{"name":"(anonymous_9)","decl":{"start":{"line":90,"column":25},"end":{"line":90,"column":26}},"loc":{"start":{"line":90,"column":45},"end":{"line":101,"column":1}},"line":90},"10":{"name":"(anonymous_10)","decl":{"start":{"line":94,"column":53},"end":{"line":94,"column":54}},"loc":{"start":{"line":94,"column":74},"end":{"line":94,"column":87}},"line":94},"11":{"name":"(anonymous_11)","decl":{"start":{"line":103,"column":26},"end":{"line":103,"column":27}},"loc":{"start":{"line":103,"column":46},"end":{"line":119,"column":1}},"line":103},"12":{"name":"(anonymous_12)","decl":{"start":{"line":121,"column":28},"end":{"line":121,"column":29}},"loc":{"start":{"line":121,"column":48},"end":{"line":136,"column":1}},"line":121},"13":{"name":"(anonymous_13)","decl":{"start":{"line":143,"column":19},"end":{"line":143,"column":20}},"loc":{"start":{"line":143,"column":25},"end":{"line":145,"column":3}},"line":143}},"branchMap":{"0":{"loc":{"start":{"line":57,"column":4},"end":{"line":63,"column":5}},"type":"if","locations":[{"start":{"line":57,"column":4},"end":{"line":63,"column":5}},{"start":{"line":57,"column":4},"end":{"line":63,"column":5}}],"line":57},"1":{"loc":{"start":{"line":65,"column":15},"end":{"line":65,"column":41}},"type":"binary-expr","locations":[{"start":{"line":65,"column":15},"end":{"line":65,"column":34}},{"start":{"line":65,"column":38},"end":{"line":65,"column":41}}],"line":65},"2":{"loc":{"start":{"line":83,"column":15},"end":{"line":83,"column":41}},"type":"binary-expr","locations":[{"start":{"line":83,"column":15},"end":{"line":83,"column":34}},{"start":{"line":83,"column":38},"end":{"line":83,"column":41}}],"line":83},"3":{"loc":{"start":{"line":92,"column":2},"end":{"line":92,"column":45}},"type":"if","locations":[{"start":{"line":92,"column":2},"end":{"line":92,"column":45}},{"start":{"line":92,"column":2},"end":{"line":92,"column":45}}],"line":92},"4":{"loc":{"start":{"line":97,"column":15},"end":{"line":97,"column":41}},"type":"binary-expr","locations":[{"start":{"line":97,"column":15},"end":{"line":97,"column":34}},{"start":{"line":97,"column":38},"end":{"line":97,"column":41}}],"line":97},"5":{"loc":{"start":{"line":115,"column":15},"end":{"line":115,"column":41}},"type":"binary-expr","locations":[{"start":{"line":115,"column":15},"end":{"line":115,"column":34}},{"start":{"line":115,"column":38},"end":{"line":115,"column":41}}],"line":115},"6":{"loc":{"start":{"line":132,"column":15},"end":{"line":132,"column":41}},"type":"binary-expr","locations":[{"start":{"line":132,"column":15},"end":{"line":132,"column":34}},{"start":{"line":132,"column":38},"end":{"line":132,"column":41}}],"line":132},"7":{"loc":{"start":{"line":142,"column":0},"end":{"line":145,"column":4}},"type":"if","locations":[{"start":{"line":142,"column":0},"end":{"line":145,"column":4}},{"start":{"line":142,"column":0},"end":{"line":145,"column":4}}],"line":142}},"s":{"0":1,"1":1,"2":1,"3":1,"4":1,"5":1,"6":1,"7":1,"8":1,"9":1,"10":1,"11":1,"12":1,"13":1,"14":4,"15":2,"16":1,"17":1,"18":1,"19":1,"20":1,"21":1,"22":1,"23":1,"24":1,"25":0,"26":1,"27":0,"28":0,"29":0,"30":0,"31":0,"32":0,"33":0,"34":0,"35":0,"36":1,"37":0,"38":0,"39":0,"40":0,"41":0,"42":0,"43":1,"44":0,"45":0,"46":0,"47":0,"48":0,"49":0,"50":0,"51":0,"52":1,"53":0,"54":0,"55":0,"56":0,"57":0,"58":0,"59":0,"60":1,"61":0,"62":0,"63":0,"64":0,"65":0,"66":0,"67":1,"68":1,"69":1,"70":0,"71":0,"72":1},"f":{"0":4,"1":2,"2":1,"3":1,"4":1,"5":1,"6":0,"7":0,"8":0,"9":0,"10":0,"11":0,"12":0,"13":0},"b":{"0":[0,0],"1":[0,0],"2":[0,0],"3":[0,0],"4":[0,0],"5":[0,0],"6":[0,0],"7":[0,1]},"_coverageSchema":"1a1c01bbd47fc00a2c39e90264f33305004495a9","hash":"049e6e578c133535803b28fa93bf9ec8ea05a4b3"}
,"/home/alexp/itmo/chank1e.github.io/src/js/main.js": {"path":"/home/alexp/itmo/chank1e.github.io/src/js/main.js","statementMap":{"0":{"start":{"line":1,"column":0},"end":{"line":4,"column":1}},"1":{"start":{"line":2,"column":19},"end":{"line":2,"column":44}},"2":{"start":{"line":3,"column":4},"end":{"line":3,"column":34}},"3":{"start":{"line":8,"column":18},"end":{"line":8,"column":55}},"4":{"start":{"line":9,"column":26},"end":{"line":9,"column":73}},"5":{"start":{"line":10,"column":26},"end":{"line":10,"column":63}},"6":{"start":{"line":11,"column":25},"end":{"line":11,"column":61}},"7":{"start":{"line":12,"column":22},"end":{"line":12,"column":60}},"8":{"start":{"line":13,"column":23},"end":{"line":13,"column":56}},"9":{"start":{"line":14,"column":15},"end":{"line":14,"column":52}},"10":{"start":{"line":15,"column":17},"end":{"line":15,"column":56}},"11":{"start":{"line":21,"column":4},"end":{"line":23,"column":7}},"12":{"start":{"line":22,"column":8},"end":{"line":22,"column":25}},"13":{"start":{"line":27,"column":31},"end":{"line":27,"column":38}},"14":{"start":{"line":29,"column":24},"end":{"line":29,"column":54}},"15":{"start":{"line":31,"column":4},"end":{"line":38,"column":49}},"16":{"start":{"line":43,"column":8},"end":{"line":43,"column":47}},"17":{"start":{"line":47,"column":8},"end":{"line":47,"column":106}},"18":{"start":{"line":47,"column":95},"end":{"line":47,"column":105}},"19":{"start":{"line":51,"column":8},"end":{"line":51,"column":106}},"20":{"start":{"line":51,"column":95},"end":{"line":51,"column":105}},"21":{"start":{"line":55,"column":8},"end":{"line":55,"column":157}},"22":{"start":{"line":55,"column":146},"end":{"line":55,"column":156}},"23":{"start":{"line":59,"column":8},"end":{"line":68,"column":34}},"24":{"start":{"line":68,"column":23},"end":{"line":68,"column":33}},"25":{"start":{"line":72,"column":8},"end":{"line":72,"column":74}},"26":{"start":{"line":72,"column":63},"end":{"line":72,"column":73}},"27":{"start":{"line":76,"column":8},"end":{"line":85,"column":34}},"28":{"start":{"line":85,"column":23},"end":{"line":85,"column":33}},"29":{"start":{"line":90,"column":4},"end":{"line":92,"column":7}},"30":{"start":{"line":90,"column":10},"end":{"line":92,"column":7}},"31":{"start":{"line":90,"column":43},"end":{"line":92,"column":6}},"32":{"start":{"line":94,"column":13},"end":{"line":104,"column":1}},"33":{"start":{"line":95,"column":4},"end":{"line":103,"column":6}},"34":{"start":{"line":97,"column":12},"end":{"line":97,"column":34}},"35":{"start":{"line":100,"column":12},"end":{"line":100,"column":32}},"36":{"start":{"line":101,"column":12},"end":{"line":101,"column":31}},"37":{"start":{"line":106,"column":16},"end":{"line":116,"column":1}},"38":{"start":{"line":118,"column":12},"end":{"line":118,"column":27}},"39":{"start":{"line":120,"column":22},"end":{"line":120,"column":24}},"40":{"start":{"line":122,"column":17},"end":{"line":124,"column":1}},"41":{"start":{"line":123,"column":4},"end":{"line":123,"column":20}},"42":{"start":{"line":127,"column":4},"end":{"line":128,"column":59}},"43":{"start":{"line":128,"column":8},"end":{"line":128,"column":59}},"44":{"start":{"line":128,"column":49},"end":{"line":128,"column":58}},"45":{"start":{"line":132,"column":4},"end":{"line":135,"column":41}},"46":{"start":{"line":133,"column":8},"end":{"line":133,"column":43}},"47":{"start":{"line":135,"column":8},"end":{"line":135,"column":41}},"48":{"start":{"line":139,"column":4},"end":{"line":139,"column":25}},"49":{"start":{"line":142,"column":12},"end":{"line":142,"column":21}},"50":{"start":{"line":160,"column":42},"end":{"line":160,"column":45}},"51":{"start":{"line":162,"column":4},"end":{"line":173,"column":5}},"52":{"start":{"line":180,"column":4},"end":{"line":180,"column":35}},"53":{"start":{"line":184,"column":4},"end":{"line":184,"column":25}},"54":{"start":{"line":184,"column":16},"end":{"line":184,"column":25}},"55":{"start":{"line":185,"column":4},"end":{"line":185,"column":103}},"56":{"start":{"line":185,"column":40},"end":{"line":185,"column":93}},"57":{"start":{"line":189,"column":4},"end":{"line":189,"column":28}},"58":{"start":{"line":190,"column":19},"end":{"line":195,"column":5}},"59":{"start":{"line":196,"column":17},"end":{"line":196,"column":49}},"60":{"start":{"line":197,"column":4},"end":{"line":197,"column":57}},"61":{"start":{"line":198,"column":25},"end":{"line":198,"column":64}},"62":{"start":{"line":199,"column":4},"end":{"line":199,"column":39}},"63":{"start":{"line":200,"column":4},"end":{"line":200,"column":30}},"64":{"start":{"line":204,"column":4},"end":{"line":204,"column":36}},"65":{"start":{"line":205,"column":4},"end":{"line":217,"column":7}},"66":{"start":{"line":206,"column":23},"end":{"line":212,"column":9}},"67":{"start":{"line":213,"column":21},"end":{"line":213,"column":54}},"68":{"start":{"line":214,"column":8},"end":{"line":214,"column":61}},"69":{"start":{"line":215,"column":29},"end":{"line":215,"column":68}},"70":{"start":{"line":216,"column":8},"end":{"line":216,"column":51}},"71":{"start":{"line":218,"column":4},"end":{"line":224,"column":6}},"72":{"start":{"line":219,"column":8},"end":{"line":223,"column":10}},"73":{"start":{"line":220,"column":23},"end":{"line":220,"column":49}},"74":{"start":{"line":221,"column":12},"end":{"line":221,"column":27}},"75":{"start":{"line":221,"column":21},"end":{"line":221,"column":27}},"76":{"start":{"line":222,"column":12},"end":{"line":222,"column":32}},"77":{"start":{"line":225,"column":4},"end":{"line":225,"column":38}},"78":{"start":{"line":232,"column":4},"end":{"line":235,"column":5}},"79":{"start":{"line":236,"column":15},"end":{"line":236,"column":19}},"80":{"start":{"line":237,"column":4},"end":{"line":247,"column":5}},"81":{"start":{"line":238,"column":20},"end":{"line":238,"column":51}},"82":{"start":{"line":239,"column":25},"end":{"line":239,"column":28}},"83":{"start":{"line":240,"column":8},"end":{"line":243,"column":10}},"84":{"start":{"line":245,"column":22},"end":{"line":245,"column":28}},"85":{"start":{"line":246,"column":8},"end":{"line":246,"column":43}},"86":{"start":{"line":248,"column":4},"end":{"line":252,"column":5}},"87":{"start":{"line":256,"column":19},"end":{"line":256,"column":43}},"88":{"start":{"line":257,"column":4},"end":{"line":257,"column":74}},"89":{"start":{"line":257,"column":56},"end":{"line":257,"column":72}},"90":{"start":{"line":264,"column":4},"end":{"line":264,"column":22}},"91":{"start":{"line":265,"column":16},"end":{"line":265,"column":30}},"92":{"start":{"line":266,"column":4},"end":{"line":266,"column":28}},"93":{"start":{"line":267,"column":4},"end":{"line":267,"column":34}},"94":{"start":{"line":268,"column":4},"end":{"line":284,"column":5}},"95":{"start":{"line":269,"column":8},"end":{"line":269,"column":59}},"96":{"start":{"line":270,"column":21},"end":{"line":270,"column":51}},"97":{"start":{"line":271,"column":8},"end":{"line":272,"column":40}},"98":{"start":{"line":272,"column":12},"end":{"line":272,"column":40}},"99":{"start":{"line":273,"column":8},"end":{"line":273,"column":27}},"100":{"start":{"line":274,"column":8},"end":{"line":274,"column":42}},"101":{"start":{"line":275,"column":8},"end":{"line":275,"column":33}},"102":{"start":{"line":276,"column":8},"end":{"line":276,"column":27}},"103":{"start":{"line":277,"column":8},"end":{"line":277,"column":97}},"104":{"start":{"line":277,"column":35},"end":{"line":277,"column":39}},"105":{"start":{"line":277,"column":60},"end":{"line":277,"column":97}},"106":{"start":{"line":278,"column":8},"end":{"line":278,"column":39}},"107":{"start":{"line":279,"column":8},"end":{"line":279,"column":63}},"108":{"start":{"line":281,"column":8},"end":{"line":281,"column":27}},"109":{"start":{"line":282,"column":8},"end":{"line":282,"column":42}},"110":{"start":{"line":283,"column":8},"end":{"line":283,"column":26}},"111":{"start":{"line":285,"column":4},"end":{"line":285,"column":29}},"112":{"start":{"line":286,"column":4},"end":{"line":286,"column":23}},"113":{"start":{"line":290,"column":4},"end":{"line":290,"column":72}},"114":{"start":{"line":290,"column":46},"end":{"line":290,"column":71}},"115":{"start":{"line":291,"column":4},"end":{"line":291,"column":32}},"116":{"start":{"line":297,"column":4},"end":{"line":297,"column":77}},"117":{"start":{"line":298,"column":4},"end":{"line":298,"column":43}},"118":{"start":{"line":299,"column":4},"end":{"line":299,"column":45}},"119":{"start":{"line":300,"column":4},"end":{"line":300,"column":25}},"120":{"start":{"line":301,"column":4},"end":{"line":301,"column":19}},"121":{"start":{"line":304,"column":0},"end":{"line":322,"column":1}}},"fnMap":{"0":{"name":"fillTemplate","decl":{"start":{"line":20,"column":9},"end":{"line":20,"column":21}},"loc":{"start":{"line":20,"column":40},"end":{"line":24,"column":1}},"line":20},"1":{"name":"(anonymous_1)","decl":{"start":{"line":21,"column":43},"end":{"line":21,"column":44}},"loc":{"start":{"line":21,"column":59},"end":{"line":23,"column":5}},"line":21},"2":{"name":"getCardinal","decl":{"start":{"line":26,"column":9},"end":{"line":26,"column":20}},"loc":{"start":{"line":26,"column":28},"end":{"line":39,"column":1}},"line":26},"3":{"name":"(anonymous_3)","decl":{"start":{"line":42,"column":4},"end":{"line":42,"column":5}},"loc":{"start":{"line":42,"column":18},"end":{"line":44,"column":5}},"line":42},"4":{"name":"(anonymous_4)","decl":{"start":{"line":46,"column":4},"end":{"line":46,"column":5}},"loc":{"start":{"line":46,"column":25},"end":{"line":48,"column":5}},"line":46},"5":{"name":"(anonymous_5)","decl":{"start":{"line":47,"column":88},"end":{"line":47,"column":89}},"loc":{"start":{"line":47,"column":95},"end":{"line":47,"column":105}},"line":47},"6":{"name":"(anonymous_6)","decl":{"start":{"line":50,"column":4},"end":{"line":50,"column":5}},"loc":{"start":{"line":50,"column":20},"end":{"line":52,"column":5}},"line":50},"7":{"name":"(anonymous_7)","decl":{"start":{"line":51,"column":88},"end":{"line":51,"column":89}},"loc":{"start":{"line":51,"column":95},"end":{"line":51,"column":105}},"line":51},"8":{"name":"(anonymous_8)","decl":{"start":{"line":54,"column":4},"end":{"line":54,"column":5}},"loc":{"start":{"line":54,"column":43},"end":{"line":56,"column":5}},"line":54},"9":{"name":"(anonymous_9)","decl":{"start":{"line":55,"column":139},"end":{"line":55,"column":140}},"loc":{"start":{"line":55,"column":146},"end":{"line":55,"column":156}},"line":55},"10":{"name":"(anonymous_10)","decl":{"start":{"line":58,"column":4},"end":{"line":58,"column":5}},"loc":{"start":{"line":58,"column":21},"end":{"line":69,"column":5}},"line":58},"11":{"name":"(anonymous_11)","decl":{"start":{"line":68,"column":16},"end":{"line":68,"column":17}},"loc":{"start":{"line":68,"column":23},"end":{"line":68,"column":33}},"line":68},"12":{"name":"(anonymous_12)","decl":{"start":{"line":71,"column":4},"end":{"line":71,"column":5}},"loc":{"start":{"line":71,"column":19},"end":{"line":73,"column":5}},"line":71},"13":{"name":"(anonymous_13)","decl":{"start":{"line":72,"column":56},"end":{"line":72,"column":57}},"loc":{"start":{"line":72,"column":63},"end":{"line":72,"column":73}},"line":72},"14":{"name":"(anonymous_14)","decl":{"start":{"line":75,"column":4},"end":{"line":75,"column":5}},"loc":{"start":{"line":75,"column":23},"end":{"line":86,"column":5}},"line":75},"15":{"name":"(anonymous_15)","decl":{"start":{"line":85,"column":16},"end":{"line":85,"column":17}},"loc":{"start":{"line":85,"column":23},"end":{"line":85,"column":33}},"line":85},"16":{"name":"(anonymous_16)","decl":{"start":{"line":90,"column":4},"end":{"line":90,"column":5}},"loc":{"start":{"line":90,"column":10},"end":{"line":92,"column":7}},"line":90},"17":{"name":"(anonymous_17)","decl":{"start":{"line":90,"column":22},"end":{"line":90,"column":23}},"loc":{"start":{"line":90,"column":43},"end":{"line":92,"column":6}},"line":90},"18":{"name":"(anonymous_18)","decl":{"start":{"line":94,"column":13},"end":{"line":94,"column":14}},"loc":{"start":{"line":94,"column":20},"end":{"line":104,"column":1}},"line":94},"19":{"name":"(anonymous_19)","decl":{"start":{"line":96,"column":8},"end":{"line":96,"column":9}},"loc":{"start":{"line":96,"column":29},"end":{"line":98,"column":9}},"line":96},"20":{"name":"(anonymous_20)","decl":{"start":{"line":99,"column":8},"end":{"line":99,"column":9}},"loc":{"start":{"line":99,"column":33},"end":{"line":102,"column":9}},"line":99},"21":{"name":"(anonymous_21)","decl":{"start":{"line":122,"column":17},"end":{"line":122,"column":18}},"loc":{"start":{"line":122,"column":29},"end":{"line":124,"column":1}},"line":122},"22":{"name":"updateHandler","decl":{"start":{"line":126,"column":9},"end":{"line":126,"column":22}},"loc":{"start":{"line":126,"column":29},"end":{"line":129,"column":1}},"line":126},"23":{"name":"(anonymous_23)","decl":{"start":{"line":128,"column":38},"end":{"line":128,"column":39}},"loc":{"start":{"line":128,"column":49},"end":{"line":128,"column":58}},"line":128},"24":{"name":"addListener","decl":{"start":{"line":131,"column":9},"end":{"line":131,"column":20}},"loc":{"start":{"line":131,"column":36},"end":{"line":136,"column":1}},"line":131},"25":{"name":"param","decl":{"start":{"line":138,"column":9},"end":{"line":138,"column":14}},"loc":{"start":{"line":138,"column":29},"end":{"line":140,"column":1}},"line":138},"26":{"name":"weatherMapper","decl":{"start":{"line":159,"column":9},"end":{"line":159,"column":22}},"loc":{"start":{"line":159,"column":28},"end":{"line":174,"column":1}},"line":159},"27":{"name":"renderLoader","decl":{"start":{"line":179,"column":9},"end":{"line":179,"column":21}},"loc":{"start":{"line":179,"column":24},"end":{"line":181,"column":1}},"line":179},"28":{"name":"renderStats","decl":{"start":{"line":183,"column":9},"end":{"line":183,"column":20}},"loc":{"start":{"line":183,"column":28},"end":{"line":186,"column":1}},"line":183},"29":{"name":"(anonymous_29)","decl":{"start":{"line":185,"column":21},"end":{"line":185,"column":22}},"loc":{"start":{"line":185,"column":40},"end":{"line":185,"column":93}},"line":185},"30":{"name":"renderBlockMain","decl":{"start":{"line":188,"column":9},"end":{"line":188,"column":24}},"loc":{"start":{"line":188,"column":27},"end":{"line":201,"column":1}},"line":188},"31":{"name":"renderBlocksExtra","decl":{"start":{"line":203,"column":9},"end":{"line":203,"column":26}},"loc":{"start":{"line":203,"column":29},"end":{"line":226,"column":1}},"line":203},"32":{"name":"(anonymous_32)","decl":{"start":{"line":205,"column":26},"end":{"line":205,"column":27}},"loc":{"start":{"line":205,"column":33},"end":{"line":217,"column":5}},"line":205},"33":{"name":"(anonymous_33)","decl":{"start":{"line":218,"column":66},"end":{"line":218,"column":67}},"loc":{"start":{"line":218,"column":72},"end":{"line":224,"column":5}},"line":218},"34":{"name":"(anonymous_34)","decl":{"start":{"line":219,"column":37},"end":{"line":219,"column":38}},"loc":{"start":{"line":219,"column":43},"end":{"line":223,"column":9}},"line":219},"35":{"name":"initCurrentPosition","decl":{"start":{"line":231,"column":15},"end":{"line":231,"column":34}},"loc":{"start":{"line":231,"column":37},"end":{"line":253,"column":1}},"line":231},"36":{"name":"loadFavorites","decl":{"start":{"line":255,"column":15},"end":{"line":255,"column":28}},"loc":{"start":{"line":255,"column":31},"end":{"line":258,"column":1}},"line":255},"37":{"name":"(anonymous_37)","decl":{"start":{"line":257,"column":51},"end":{"line":257,"column":52}},"loc":{"start":{"line":257,"column":56},"end":{"line":257,"column":72}},"line":257},"38":{"name":"onBtnAddClick","decl":{"start":{"line":263,"column":15},"end":{"line":263,"column":28}},"loc":{"start":{"line":263,"column":32},"end":{"line":287,"column":1}},"line":263},"39":{"name":"(anonymous_39)","decl":{"start":{"line":277,"column":30},"end":{"line":277,"column":31}},"loc":{"start":{"line":277,"column":35},"end":{"line":277,"column":39}},"line":277},"40":{"name":"onBtnRemoveClick","decl":{"start":{"line":289,"column":15},"end":{"line":289,"column":31}},"loc":{"start":{"line":289,"column":36},"end":{"line":292,"column":1}},"line":289},"41":{"name":"(anonymous_41)","decl":{"start":{"line":290,"column":41},"end":{"line":290,"column":42}},"loc":{"start":{"line":290,"column":46},"end":{"line":290,"column":71}},"line":290},"42":{"name":"mainFunc","decl":{"start":{"line":296,"column":15},"end":{"line":296,"column":23}},"loc":{"start":{"line":296,"column":26},"end":{"line":302,"column":1}},"line":296}},"branchMap":{"0":{"loc":{"start":{"line":1,"column":0},"end":{"line":4,"column":1}},"type":"if","locations":[{"start":{"line":1,"column":0},"end":{"line":4,"column":1}},{"start":{"line":1,"column":0},"end":{"line":4,"column":1}}],"line":1},"1":{"loc":{"start":{"line":1,"column":3},"end":{"line":1,"column":45}},"type":"binary-expr","locations":[{"start":{"line":1,"column":3},"end":{"line":1,"column":10}},{"start":{"line":1,"column":14},"end":{"line":1,"column":45}}],"line":1},"2":{"loc":{"start":{"line":31,"column":11},"end":{"line":38,"column":48}},"type":"cond-expr","locations":[{"start":{"line":31,"column":68},"end":{"line":31,"column":75}},{"start":{"line":32,"column":10},"end":{"line":38,"column":48}}],"line":31},"3":{"loc":{"start":{"line":31,"column":12},"end":{"line":31,"column":64}},"type":"binary-expr","locations":[{"start":{"line":31,"column":12},"end":{"line":31,"column":28}},{"start":{"line":31,"column":32},"end":{"line":31,"column":64}}],"line":31},"4":{"loc":{"start":{"line":32,"column":10},"end":{"line":38,"column":48}},"type":"cond-expr","locations":[{"start":{"line":32,"column":88},"end":{"line":32,"column":103}},{"start":{"line":33,"column":14},"end":{"line":38,"column":48}}],"line":32},"5":{"loc":{"start":{"line":32,"column":11},"end":{"line":32,"column":84}},"type":"binary-expr","locations":[{"start":{"line":32,"column":11},"end":{"line":32,"column":44}},{"start":{"line":32,"column":48},"end":{"line":32,"column":84}}],"line":32},"6":{"loc":{"start":{"line":33,"column":14},"end":{"line":38,"column":48}},"type":"cond-expr","locations":[{"start":{"line":33,"column":96},"end":{"line":33,"column":104}},{"start":{"line":34,"column":18},"end":{"line":38,"column":48}}],"line":33},"7":{"loc":{"start":{"line":33,"column":15},"end":{"line":33,"column":92}},"type":"binary-expr","locations":[{"start":{"line":33,"column":15},"end":{"line":33,"column":52}},{"start":{"line":33,"column":56},"end":{"line":33,"column":92}}],"line":33},"8":{"loc":{"start":{"line":34,"column":18},"end":{"line":38,"column":48}},"type":"cond-expr","locations":[{"start":{"line":34,"column":100},"end":{"line":34,"column":112}},{"start":{"line":35,"column":22},"end":{"line":38,"column":48}}],"line":34},"9":{"loc":{"start":{"line":34,"column":19},"end":{"line":34,"column":96}},"type":"binary-expr","locations":[{"start":{"line":34,"column":19},"end":{"line":34,"column":56}},{"start":{"line":34,"column":60},"end":{"line":34,"column":96}}],"line":34},"10":{"loc":{"start":{"line":35,"column":22},"end":{"line":38,"column":48}},"type":"cond-expr","locations":[{"start":{"line":35,"column":104},"end":{"line":35,"column":108}},{"start":{"line":36,"column":26},"end":{"line":38,"column":48}}],"line":35},"11":{"loc":{"start":{"line":35,"column":23},"end":{"line":35,"column":100}},"type":"binary-expr","locations":[{"start":{"line":35,"column":23},"end":{"line":35,"column":60}},{"start":{"line":35,"column":64},"end":{"line":35,"column":100}}],"line":35},"12":{"loc":{"start":{"line":36,"column":26},"end":{"line":38,"column":48}},"type":"cond-expr","locations":[{"start":{"line":36,"column":108},"end":{"line":36,"column":119}},{"start":{"line":37,"column":30},"end":{"line":38,"column":48}}],"line":36},"13":{"loc":{"start":{"line":36,"column":27},"end":{"line":36,"column":104}},"type":"binary-expr","locations":[{"start":{"line":36,"column":27},"end":{"line":36,"column":64}},{"start":{"line":36,"column":68},"end":{"line":36,"column":104}}],"line":36},"14":{"loc":{"start":{"line":37,"column":30},"end":{"line":38,"column":48}},"type":"cond-expr","locations":[{"start":{"line":37,"column":112},"end":{"line":37,"column":119}},{"start":{"line":38,"column":34},"end":{"line":38,"column":48}}],"line":37},"15":{"loc":{"start":{"line":37,"column":31},"end":{"line":37,"column":108}},"type":"binary-expr","locations":[{"start":{"line":37,"column":31},"end":{"line":37,"column":68}},{"start":{"line":37,"column":72},"end":{"line":37,"column":108}}],"line":37},"16":{"loc":{"start":{"line":127,"column":4},"end":{"line":128,"column":59}},"type":"if","locations":[{"start":{"line":127,"column":4},"end":{"line":128,"column":59}},{"start":{"line":127,"column":4},"end":{"line":128,"column":59}}],"line":127},"17":{"loc":{"start":{"line":132,"column":4},"end":{"line":135,"column":41}},"type":"if","locations":[{"start":{"line":132,"column":4},"end":{"line":135,"column":41}},{"start":{"line":132,"column":4},"end":{"line":135,"column":41}}],"line":132},"18":{"loc":{"start":{"line":184,"column":4},"end":{"line":184,"column":25}},"type":"if","locations":[{"start":{"line":184,"column":4},"end":{"line":184,"column":25}},{"start":{"line":184,"column":4},"end":{"line":184,"column":25}}],"line":184},"19":{"loc":{"start":{"line":191,"column":17},"end":{"line":191,"column":60}},"type":"cond-expr","locations":[{"start":{"line":191,"column":41},"end":{"line":191,"column":55}},{"start":{"line":191,"column":58},"end":{"line":191,"column":60}}],"line":191},"20":{"loc":{"start":{"line":207,"column":21},"end":{"line":207,"column":54}},"type":"cond-expr","locations":[{"start":{"line":207,"column":35},"end":{"line":207,"column":49}},{"start":{"line":207,"column":52},"end":{"line":207,"column":54}}],"line":207},"21":{"loc":{"start":{"line":221,"column":12},"end":{"line":221,"column":27}},"type":"if","locations":[{"start":{"line":221,"column":12},"end":{"line":221,"column":27}},{"start":{"line":221,"column":12},"end":{"line":221,"column":27}}],"line":221},"22":{"loc":{"start":{"line":271,"column":8},"end":{"line":272,"column":40}},"type":"if","locations":[{"start":{"line":271,"column":8},"end":{"line":272,"column":40}},{"start":{"line":271,"column":8},"end":{"line":272,"column":40}}],"line":271},"23":{"loc":{"start":{"line":277,"column":8},"end":{"line":277,"column":97}},"type":"if","locations":[{"start":{"line":277,"column":8},"end":{"line":277,"column":97}},{"start":{"line":277,"column":8},"end":{"line":277,"column":97}}],"line":277}},"s":{"0":1,"1":1,"2":1,"3":1,"4":1,"5":1,"6":1,"7":1,"8":1,"9":1,"10":1,"11":12,"12":30,"13":7,"14":7,"15":7,"16":2,"17":1,"18":1,"19":1,"20":1,"21":1,"22":1,"23":1,"24":1,"25":1,"26":1,"27":1,"28":1,"29":1,"30":1,"31":1,"32":1,"33":5,"34":10,"35":3,"36":3,"37":1,"38":1,"39":1,"40":1,"41":2,"42":3,"43":3,"44":3,"45":3,"46":1,"47":2,"48":17,"49":1,"50":3,"51":3,"52":1,"53":5,"54":1,"55":4,"56":8,"57":2,"58":2,"59":2,"60":2,"61":2,"62":2,"63":2,"64":2,"65":2,"66":1,"67":1,"68":1,"69":1,"70":1,"71":2,"72":1,"73":0,"74":0,"75":0,"76":0,"77":2,"78":0,"79":0,"80":0,"81":0,"82":0,"83":0,"84":0,"85":0,"86":0,"87":0,"88":0,"89":0,"90":0,"91":0,"92":0,"93":0,"94":0,"95":0,"96":0,"97":0,"98":0,"99":0,"100":0,"101":0,"102":0,"103":0,"104":0,"105":0,"106":0,"107":0,"108":0,"109":0,"110":0,"111":0,"112":0,"113":0,"114":0,"115":0,"116":0,"117":0,"118":0,"119":0,"120":0,"121":1},"f":{"0":12,"1":30,"2":7,"3":2,"4":1,"5":1,"6":1,"7":1,"8":1,"9":1,"10":1,"11":1,"12":1,"13":1,"14":1,"15":1,"16":1,"17":1,"18":5,"19":10,"20":3,"21":2,"22":3,"23":3,"24":3,"25":17,"26":3,"27":1,"28":5,"29":8,"30":2,"31":2,"32":1,"33":1,"34":0,"35":0,"36":0,"37":0,"38":0,"39":0,"40":0,"41":0,"42":0},"b":{"0":[1,0],"1":[1,1],"2":[1,6],"3":[7,7],"4":[0,6],"5":[6,6],"6":[1,5],"7":[6,6],"8":[0,5],"9":[5,5],"10":[4,1],"11":[5,5],"12":[0,1],"13":[1,1],"14":[0,1],"15":[1,1],"16":[3,0],"17":[1,2],"18":[1,4],"19":[0,2],"20":[0,1],"21":[0,0],"22":[0,0],"23":[0,0]},"_coverageSchema":"1a1c01bbd47fc00a2c39e90264f33305004495a9","hash":"4299f6914c7e2df4c8afa33df376c437da931479"}
,"/home/alexp/itmo/chank1e.github.io/test/dom.js": {"path":"/home/alexp/itmo/chank1e.github.io/test/dom.js","statementMap":{"0":{"start":{"line":1,"column":14},"end":{"line":1,"column":30}},"1":{"start":{"line":2,"column":18},"end":{"line":2,"column":23}},"2":{"start":{"line":4,"column":13},"end":{"line":126,"column":1}},"3":{"start":{"line":128,"column":12},"end":{"line":128,"column":27}},"4":{"start":{"line":131,"column":15},"end":{"line":131,"column":25}},"5":{"start":{"line":132,"column":17},"end":{"line":132,"column":32}},"6":{"start":{"line":133,"column":0},"end":{"line":133,"column":43}}},"fnMap":{},"branchMap":{},"s":{"0":1,"1":1,"2":1,"3":1,"4":1,"5":1,"6":1},"f":{},"b":{},"_coverageSchema":"1a1c01bbd47fc00a2c39e90264f33305004495a9","hash":"f571f688b7c1559d70ef9a1bda5fbb0fe61f63b4"}
}
