TN:
SF:server/server.js
FN:19,(anonymous_0)
FN:22,(anonymous_1)
FN:26,(anonymous_2)
FN:30,(anonymous_3)
FN:34,(anonymous_4)
FN:38,(anonymous_5)
FN:49,(anonymous_6)
FN:53,(anonymous_7)
FN:73,(anonymous_8)
FN:90,(anonymous_9)
FN:94,(anonymous_10)
FN:103,(anonymous_11)
FN:121,(anonymous_12)
FN:143,(anonymous_13)
FNF:14
FNH:6
FNDA:4,(anonymous_0)
FNDA:2,(anonymous_1)
FNDA:1,(anonymous_2)
FNDA:1,(anonymous_3)
FNDA:1,(anonymous_4)
FNDA:1,(anonymous_5)
FNDA:0,(anonymous_6)
FNDA:0,(anonymous_7)
FNDA:0,(anonymous_8)
FNDA:0,(anonymous_9)
FNDA:0,(anonymous_10)
FNDA:0,(anonymous_11)
FNDA:0,(anonymous_12)
FNDA:0,(anonymous_13)
DA:1,1
DA:2,1
DA:4,1
DA:5,1
DA:6,1
DA:7,1
DA:8,1
DA:9,1
DA:11,1
DA:13,1
DA:14,1
DA:15,1
DA:17,1
DA:19,4
DA:23,2
DA:27,1
DA:31,1
DA:35,1
DA:39,1
DA:43,1
DA:45,1
DA:46,1
DA:47,1
DA:49,1
DA:50,0
DA:53,1
DA:54,0
DA:55,0
DA:56,0
DA:57,0
DA:58,0
DA:59,0
DA:61,0
DA:62,0
DA:65,0
DA:73,1
DA:74,0
DA:75,0
DA:76,0
DA:77,0
DA:81,0
DA:83,0
DA:90,1
DA:91,0
DA:92,0
DA:93,0
DA:94,0
DA:95,0
DA:97,0
DA:103,1
DA:104,0
DA:105,0
DA:106,0
DA:109,0
DA:110,0
DA:111,0
DA:115,0
DA:121,1
DA:122,0
DA:123,0
DA:124,0
DA:125,0
DA:128,0
DA:132,0
DA:139,1
DA:140,1
DA:142,1
DA:143,0
DA:144,0
DA:147,1
LF:70
LH:33
BRDA:57,0,0,0
BRDA:57,0,1,0
BRDA:65,1,0,0
BRDA:65,1,1,0
BRDA:83,2,0,0
BRDA:83,2,1,0
BRDA:92,3,0,0
BRDA:92,3,1,0
BRDA:97,4,0,0
BRDA:97,4,1,0
BRDA:115,5,0,0
BRDA:115,5,1,0
BRDA:132,6,0,0
BRDA:132,6,1,0
BRDA:142,7,0,0
BRDA:142,7,1,1
BRF:16
BRH:1
end_of_record
TN:
SF:src/js/main.js
FN:20,fillTemplate
FN:21,(anonymous_1)
FN:26,getCardinal
FN:42,(anonymous_3)
FN:46,(anonymous_4)
FN:47,(anonymous_5)
FN:50,(anonymous_6)
FN:51,(anonymous_7)
FN:54,(anonymous_8)
FN:55,(anonymous_9)
FN:58,(anonymous_10)
FN:68,(anonymous_11)
FN:71,(anonymous_12)
FN:72,(anonymous_13)
FN:75,(anonymous_14)
FN:85,(anonymous_15)
FN:90,(anonymous_16)
FN:90,(anonymous_17)
FN:94,(anonymous_18)
FN:96,(anonymous_19)
FN:99,(anonymous_20)
FN:122,(anonymous_21)
FN:126,updateHandler
FN:128,(anonymous_23)
FN:131,addListener
FN:138,param
FN:159,weatherMapper
FN:179,renderLoader
FN:183,renderStats
FN:185,(anonymous_29)
FN:188,renderBlockMain
FN:203,renderBlocksExtra
FN:205,(anonymous_32)
FN:218,(anonymous_33)
FN:219,(anonymous_34)
FN:231,initCurrentPosition
FN:255,loadFavorites
FN:257,(anonymous_37)
FN:263,onBtnAddClick
FN:277,(anonymous_39)
FN:289,onBtnRemoveClick
FN:290,(anonymous_41)
FN:296,mainFunc
FNF:43
FNH:34
FNDA:12,fillTemplate
FNDA:30,(anonymous_1)
FNDA:7,getCardinal
FNDA:2,(anonymous_3)
FNDA:1,(anonymous_4)
FNDA:1,(anonymous_5)
FNDA:1,(anonymous_6)
FNDA:1,(anonymous_7)
FNDA:1,(anonymous_8)
FNDA:1,(anonymous_9)
FNDA:1,(anonymous_10)
FNDA:1,(anonymous_11)
FNDA:1,(anonymous_12)
FNDA:1,(anonymous_13)
FNDA:1,(anonymous_14)
FNDA:1,(anonymous_15)
FNDA:1,(anonymous_16)
FNDA:1,(anonymous_17)
FNDA:5,(anonymous_18)
FNDA:10,(anonymous_19)
FNDA:3,(anonymous_20)
FNDA:2,(anonymous_21)
FNDA:3,updateHandler
FNDA:3,(anonymous_23)
FNDA:3,addListener
FNDA:17,param
FNDA:3,weatherMapper
FNDA:1,renderLoader
FNDA:5,renderStats
FNDA:8,(anonymous_29)
FNDA:2,renderBlockMain
FNDA:2,renderBlocksExtra
FNDA:1,(anonymous_32)
FNDA:1,(anonymous_33)
FNDA:0,(anonymous_34)
FNDA:0,initCurrentPosition
FNDA:0,loadFavorites
FNDA:0,(anonymous_37)
FNDA:0,onBtnAddClick
FNDA:0,(anonymous_39)
FNDA:0,onBtnRemoveClick
FNDA:0,(anonymous_41)
FNDA:0,mainFunc
DA:1,1
DA:2,1
DA:3,1
DA:8,1
DA:9,1
DA:10,1
DA:11,1
DA:12,1
DA:13,1
DA:14,1
DA:15,1
DA:21,12
DA:22,30
DA:27,7
DA:29,7
DA:31,7
DA:43,2
DA:47,1
DA:51,1
DA:55,1
DA:59,1
DA:68,1
DA:72,1
DA:76,1
DA:85,1
DA:90,1
DA:94,1
DA:95,5
DA:97,10
DA:100,3
DA:101,3
DA:106,1
DA:118,1
DA:120,1
DA:122,1
DA:123,2
DA:127,3
DA:128,3
DA:132,3
DA:133,1
DA:135,2
DA:139,17
DA:142,1
DA:160,3
DA:162,3
DA:180,1
DA:184,5
DA:185,8
DA:189,2
DA:190,2
DA:196,2
DA:197,2
DA:198,2
DA:199,2
DA:200,2
DA:204,2
DA:205,2
DA:206,1
DA:213,1
DA:214,1
DA:215,1
DA:216,1
DA:218,2
DA:219,1
DA:220,0
DA:221,0
DA:222,0
DA:225,2
DA:232,0
DA:236,0
DA:237,0
DA:238,0
DA:239,0
DA:240,0
DA:245,0
DA:246,0
DA:248,0
DA:256,0
DA:257,0
DA:264,0
DA:265,0
DA:266,0
DA:267,0
DA:268,0
DA:269,0
DA:270,0
DA:271,0
DA:272,0
DA:273,0
DA:274,0
DA:275,0
DA:276,0
DA:277,0
DA:278,0
DA:279,0
DA:281,0
DA:282,0
DA:283,0
DA:285,0
DA:286,0
DA:290,0
DA:291,0
DA:297,0
DA:298,0
DA:299,0
DA:300,0
DA:301,0
DA:304,1
LF:108
LH:66
BRDA:1,0,0,1
BRDA:1,0,1,0
BRDA:1,1,0,1
BRDA:1,1,1,1
BRDA:31,2,0,1
BRDA:31,2,1,6
BRDA:31,3,0,7
BRDA:31,3,1,7
BRDA:32,4,0,0
BRDA:32,4,1,6
BRDA:32,5,0,6
BRDA:32,5,1,6
BRDA:33,6,0,1
BRDA:33,6,1,5
BRDA:33,7,0,6
BRDA:33,7,1,6
BRDA:34,8,0,0
BRDA:34,8,1,5
BRDA:34,9,0,5
BRDA:34,9,1,5
BRDA:35,10,0,4
BRDA:35,10,1,1
BRDA:35,11,0,5
BRDA:35,11,1,5
BRDA:36,12,0,0
BRDA:36,12,1,1
BRDA:36,13,0,1
BRDA:36,13,1,1
BRDA:37,14,0,0
BRDA:37,14,1,1
BRDA:37,15,0,1
BRDA:37,15,1,1
BRDA:127,16,0,3
BRDA:127,16,1,0
BRDA:132,17,0,1
BRDA:132,17,1,2
BRDA:184,18,0,1
BRDA:184,18,1,4
BRDA:191,19,0,0
BRDA:191,19,1,2
BRDA:207,20,0,0
BRDA:207,20,1,1
BRDA:221,21,0,0
BRDA:221,21,1,0
BRDA:271,22,0,0
BRDA:271,22,1,0
BRDA:277,23,0,0
BRDA:277,23,1,0
BRF:48
BRH:34
end_of_record
TN:
SF:test/dom.js
FNF:0
FNH:0
DA:1,1
DA:2,1
DA:4,1
DA:128,1
DA:131,1
DA:132,1
DA:133,1
LF:7
LH:7
BRF:0
BRH:0
end_of_record
